app/build/intermediates/manifest_merge_blame_file/debug/manifest-merger-blame-debug-report.txt
1<?xml version="1.0" encoding="utf-8"?>
2<manifest xmlns:android="http://schemas.android.com/apk/res/android"
3    package="com.github.smujamesb.hardersprouted"
4    android:installLocation="auto"
5    android:versionCode="190"
6    android:versionName="0.4.2" >
7
8    <uses-sdk
9        android:minSdkVersion="14"
9-->src\main\AndroidManifest.xml
10        android:targetSdkVersion="29" />
10-->src\main\AndroidManifest.xml
11
12    <uses-permission android:name="android.permission.VIBRATE" />
12-->src\main\AndroidManifest.xml:8:5-65
12-->src\main\AndroidManifest.xml:8:22-63
13
14    <uses-feature android:glEsVersion="0x00020000" />
14-->src\main\AndroidManifest.xml:10:2-11:40
14-->src\main\AndroidManifest.xml:11:6-38
15
16    <supports-screens
16-->src\main\AndroidManifest.xml:13:2-16:35
17        android:largeScreens="true"
17-->src\main\AndroidManifest.xml:16:6-33
18        android:normalScreens="true"
18-->src\main\AndroidManifest.xml:15:6-34
19        android:smallScreens="false" />
19-->src\main\AndroidManifest.xml:14:6-34
20
21    <!-- android:xlargeScreens="true" -->
22    <application
22-->src\main\AndroidManifest.xml:19:2-34:16
23        android:allowBackup="false"
23-->src\main\AndroidManifest.xml:23:3-30
24        android:appComponentFactory="android.support.v4.app.CoreComponentFactory"
24-->[com.android.support:support-compat:28.0.0] AndroidManifest.xml:22:18-91
25        android:debuggable="true"
26        android:icon="@drawable/ic_launcher"
26-->src\main\AndroidManifest.xml:20:3-39
27        android:label="@string/app_name"
27-->src\main\AndroidManifest.xml:21:3-35
28        android:theme="@android:style/Theme.Black.NoTitleBar.Fullscreen" >
28-->src\main\AndroidManifest.xml:22:3-67
29        <activity
29-->src\main\AndroidManifest.xml:24:3-32:14
30            android:name="com.github.dachhack.sprout.ShatteredPixelDungeon"
30-->src\main\AndroidManifest.xml:26:4-41
31            android:label="@string/app_name"
31-->src\main\AndroidManifest.xml:25:4-36
32            android:screenOrientation="portrait" >
32-->src\main\AndroidManifest.xml:27:4-40
33            <intent-filter>
33-->src\main\AndroidManifest.xml:28:4-31:20
34                <action android:name="android.intent.action.MAIN" />
34-->src\main\AndroidManifest.xml:29:5-57
34-->src\main\AndroidManifest.xml:29:13-54
35
36                <category android:name="android.intent.category.LAUNCHER" />
36-->src\main\AndroidManifest.xml:30:5-65
36-->src\main\AndroidManifest.xml:30:15-62
37            </intent-filter>
38        </activity>
39        <activity
39-->[com.github.RohitSurwase.UCE-Handler:uce_handler:1.4] AndroidManifest.xml:12:9-14:49
40            android:name="com.rohitss.uceh.UCEDefaultActivity"
40-->[com.github.RohitSurwase.UCE-Handler:uce_handler:1.4] AndroidManifest.xml:13:13-63
41            android:process=":error_activity" />
41-->[com.github.RohitSurwase.UCE-Handler:uce_handler:1.4] AndroidManifest.xml:14:13-46
42
43        <provider
43-->[com.github.RohitSurwase.UCE-Handler:uce_handler:1.4] AndroidManifest.xml:16:9-24:20
44            android:name="com.rohitss.uceh.UCEFileProvider"
44-->[com.github.RohitSurwase.UCE-Handler:uce_handler:1.4] AndroidManifest.xml:17:13-60
45            android:authorities="com.github.smujamesb.hardersprouted.provider"
45-->[com.github.RohitSurwase.UCE-Handler:uce_handler:1.4] AndroidManifest.xml:18:13-60
46            android:exported="false"
46-->[com.github.RohitSurwase.UCE-Handler:uce_handler:1.4] AndroidManifest.xml:19:13-37
47            android:grantUriPermissions="true" >
47-->[com.github.RohitSurwase.UCE-Handler:uce_handler:1.4] AndroidManifest.xml:20:13-47
48            <meta-data
48-->[com.github.RohitSurwase.UCE-Handler:uce_handler:1.4] AndroidManifest.xml:21:13-23:58
49                android:name="android.support.FILE_PROVIDER_PATHS"
49-->[com.github.RohitSurwase.UCE-Handler:uce_handler:1.4] AndroidManifest.xml:22:17-67
50                android:resource="@xml/provider_paths" />
50-->[com.github.RohitSurwase.UCE-Handler:uce_handler:1.4] AndroidManifest.xml:23:17-55
51        </provider>
52    </application>
53
54</manifest>